{"/Users/dantyler/Makers/week_10/GildedRose-Refactoring-Kata/js-jest/src/gilded_rose.js": {"path":"/Users/dantyler/Makers/week_10/GildedRose-Refactoring-Kata/js-jest/src/gilded_rose.js","statementMap":{"0":{"start":{"line":4,"column":4},"end":{"line":4,"column":21}},"1":{"start":{"line":5,"column":4},"end":{"line":5,"column":25}},"2":{"start":{"line":6,"column":4},"end":{"line":6,"column":27}},"3":{"start":{"line":12,"column":4},"end":{"line":12,"column":23}},"4":{"start":{"line":16,"column":4},"end":{"line":33,"column":5}},"5":{"start":{"line":16,"column":16},"end":{"line":16,"column":17}},"6":{"start":{"line":18,"column":4},"end":{"line":21,"column":5}},"7":{"start":{"line":20,"column":6},"end":{"line":20,"column":39}},"8":{"start":{"line":23,"column":4},"end":{"line":32,"column":7}},"9":{"start":{"line":24,"column":6},"end":{"line":24,"column":44}},"10":{"start":{"line":25,"column":11},"end":{"line":32,"column":7}},"11":{"start":{"line":26,"column":6},"end":{"line":26,"column":49}},"12":{"start":{"line":27,"column":11},"end":{"line":32,"column":7}},"13":{"start":{"line":28,"column":11},"end":{"line":32,"column":7}},"14":{"start":{"line":29,"column":6},"end":{"line":29,"column":48}},"15":{"start":{"line":31,"column":6},"end":{"line":31,"column":40}},"16":{"start":{"line":35,"column":4},"end":{"line":35,"column":21}},"17":{"start":{"line":39,"column":4},"end":{"line":39,"column":33}},"18":{"start":{"line":43,"column":4},"end":{"line":48,"column":5}},"19":{"start":{"line":44,"column":11},"end":{"line":48,"column":5}},"20":{"start":{"line":45,"column":6},"end":{"line":45,"column":33}},"21":{"start":{"line":47,"column":6},"end":{"line":47,"column":33}},"22":{"start":{"line":49,"column":4},"end":{"line":49,"column":15}},"23":{"start":{"line":53,"column":4},"end":{"line":56,"column":5}},"24":{"start":{"line":55,"column":6},"end":{"line":55,"column":35}},"25":{"start":{"line":60,"column":4},"end":{"line":68,"column":5}},"26":{"start":{"line":61,"column":6},"end":{"line":61,"column":22}},"27":{"start":{"line":62,"column":11},"end":{"line":68,"column":5}},"28":{"start":{"line":63,"column":6},"end":{"line":63,"column":35}},"29":{"start":{"line":64,"column":11},"end":{"line":68,"column":5}},"30":{"start":{"line":65,"column":6},"end":{"line":65,"column":35}},"31":{"start":{"line":67,"column":6},"end":{"line":67,"column":35}},"32":{"start":{"line":69,"column":4},"end":{"line":71,"column":5}},"33":{"start":{"line":70,"column":6},"end":{"line":70,"column":23}},"34":{"start":{"line":75,"column":4},"end":{"line":79,"column":5}},"35":{"start":{"line":76,"column":6},"end":{"line":76,"column":33}},"36":{"start":{"line":78,"column":6},"end":{"line":78,"column":33}},"37":{"start":{"line":80,"column":4},"end":{"line":82,"column":5}},"38":{"start":{"line":81,"column":6},"end":{"line":81,"column":22}},"39":{"start":{"line":86,"column":4},"end":{"line":86,"column":37}},"40":{"start":{"line":90,"column":4},"end":{"line":90,"column":37}},"41":{"start":{"line":95,"column":0},"end":{"line":98,"column":2}}},"fnMap":{"0":{"name":"(anonymous_0)","decl":{"start":{"line":3,"column":2},"end":{"line":3,"column":3}},"loc":{"start":{"line":3,"column":36},"end":{"line":7,"column":3}},"line":3},"1":{"name":"(anonymous_1)","decl":{"start":{"line":11,"column":2},"end":{"line":11,"column":3}},"loc":{"start":{"line":11,"column":23},"end":{"line":13,"column":3}},"line":11},"2":{"name":"(anonymous_2)","decl":{"start":{"line":15,"column":2},"end":{"line":15,"column":3}},"loc":{"start":{"line":15,"column":15},"end":{"line":36,"column":3}},"line":15},"3":{"name":"(anonymous_3)","decl":{"start":{"line":38,"column":2},"end":{"line":38,"column":3}},"loc":{"start":{"line":38,"column":20},"end":{"line":40,"column":3}},"line":38},"4":{"name":"(anonymous_4)","decl":{"start":{"line":42,"column":2},"end":{"line":42,"column":3}},"loc":{"start":{"line":42,"column":22},"end":{"line":50,"column":3}},"line":42},"5":{"name":"(anonymous_5)","decl":{"start":{"line":52,"column":2},"end":{"line":52,"column":3}},"loc":{"start":{"line":52,"column":25},"end":{"line":57,"column":3}},"line":52},"6":{"name":"(anonymous_6)","decl":{"start":{"line":59,"column":2},"end":{"line":59,"column":3}},"loc":{"start":{"line":59,"column":30},"end":{"line":72,"column":3}},"line":59},"7":{"name":"(anonymous_7)","decl":{"start":{"line":74,"column":2},"end":{"line":74,"column":3}},"loc":{"start":{"line":74,"column":29},"end":{"line":83,"column":3}},"line":74},"8":{"name":"(anonymous_8)","decl":{"start":{"line":85,"column":2},"end":{"line":85,"column":3}},"loc":{"start":{"line":85,"column":26},"end":{"line":87,"column":3}},"line":85},"9":{"name":"(anonymous_9)","decl":{"start":{"line":89,"column":2},"end":{"line":89,"column":3}},"loc":{"start":{"line":89,"column":28},"end":{"line":91,"column":3}},"line":89}},"branchMap":{"0":{"loc":{"start":{"line":11,"column":14},"end":{"line":11,"column":22}},"type":"default-arg","locations":[{"start":{"line":11,"column":20},"end":{"line":11,"column":22}}],"line":11},"1":{"loc":{"start":{"line":18,"column":4},"end":{"line":21,"column":5}},"type":"if","locations":[{"start":{"line":18,"column":4},"end":{"line":21,"column":5}},{"start":{"line":18,"column":4},"end":{"line":21,"column":5}}],"line":18},"2":{"loc":{"start":{"line":23,"column":4},"end":{"line":32,"column":7}},"type":"if","locations":[{"start":{"line":23,"column":4},"end":{"line":32,"column":7}},{"start":{"line":23,"column":4},"end":{"line":32,"column":7}}],"line":23},"3":{"loc":{"start":{"line":25,"column":11},"end":{"line":32,"column":7}},"type":"if","locations":[{"start":{"line":25,"column":11},"end":{"line":32,"column":7}},{"start":{"line":25,"column":11},"end":{"line":32,"column":7}}],"line":25},"4":{"loc":{"start":{"line":27,"column":11},"end":{"line":32,"column":7}},"type":"if","locations":[{"start":{"line":27,"column":11},"end":{"line":32,"column":7}},{"start":{"line":27,"column":11},"end":{"line":32,"column":7}}],"line":27},"5":{"loc":{"start":{"line":28,"column":11},"end":{"line":32,"column":7}},"type":"if","locations":[{"start":{"line":28,"column":11},"end":{"line":32,"column":7}},{"start":{"line":28,"column":11},"end":{"line":32,"column":7}}],"line":28},"6":{"loc":{"start":{"line":43,"column":4},"end":{"line":48,"column":5}},"type":"if","locations":[{"start":{"line":43,"column":4},"end":{"line":48,"column":5}},{"start":{"line":43,"column":4},"end":{"line":48,"column":5}}],"line":43},"7":{"loc":{"start":{"line":44,"column":11},"end":{"line":48,"column":5}},"type":"if","locations":[{"start":{"line":44,"column":11},"end":{"line":48,"column":5}},{"start":{"line":44,"column":11},"end":{"line":48,"column":5}}],"line":44},"8":{"loc":{"start":{"line":53,"column":4},"end":{"line":56,"column":5}},"type":"if","locations":[{"start":{"line":53,"column":4},"end":{"line":56,"column":5}},{"start":{"line":53,"column":4},"end":{"line":56,"column":5}}],"line":53},"9":{"loc":{"start":{"line":60,"column":4},"end":{"line":68,"column":5}},"type":"if","locations":[{"start":{"line":60,"column":4},"end":{"line":68,"column":5}},{"start":{"line":60,"column":4},"end":{"line":68,"column":5}}],"line":60},"10":{"loc":{"start":{"line":62,"column":11},"end":{"line":68,"column":5}},"type":"if","locations":[{"start":{"line":62,"column":11},"end":{"line":68,"column":5}},{"start":{"line":62,"column":11},"end":{"line":68,"column":5}}],"line":62},"11":{"loc":{"start":{"line":64,"column":11},"end":{"line":68,"column":5}},"type":"if","locations":[{"start":{"line":64,"column":11},"end":{"line":68,"column":5}},{"start":{"line":64,"column":11},"end":{"line":68,"column":5}}],"line":64},"12":{"loc":{"start":{"line":69,"column":4},"end":{"line":71,"column":5}},"type":"if","locations":[{"start":{"line":69,"column":4},"end":{"line":71,"column":5}},{"start":{"line":69,"column":4},"end":{"line":71,"column":5}}],"line":69},"13":{"loc":{"start":{"line":75,"column":4},"end":{"line":79,"column":5}},"type":"if","locations":[{"start":{"line":75,"column":4},"end":{"line":79,"column":5}},{"start":{"line":75,"column":4},"end":{"line":79,"column":5}}],"line":75},"14":{"loc":{"start":{"line":80,"column":4},"end":{"line":82,"column":5}},"type":"if","locations":[{"start":{"line":80,"column":4},"end":{"line":82,"column":5}},{"start":{"line":80,"column":4},"end":{"line":82,"column":5}}],"line":80}},"s":{"0":14,"1":14,"2":14,"3":14,"4":14,"5":14,"6":14,"7":13,"8":14,"9":2,"10":12,"11":5,"12":7,"13":6,"14":3,"15":3,"16":14,"17":13,"18":3,"19":2,"20":1,"21":1,"22":3,"23":2,"24":1,"25":5,"26":1,"27":4,"28":2,"29":2,"30":1,"31":1,"32":5,"33":1,"34":3,"35":2,"36":1,"37":3,"38":1,"39":5,"40":5,"41":1},"f":{"0":14,"1":14,"2":14,"3":13,"4":3,"5":2,"6":5,"7":3,"8":5,"9":5},"b":{"0":[0],"1":[1,13],"2":[2,12],"3":[5,7],"4":[1,6],"5":[3,3],"6":[1,2],"7":[1,1],"8":[1,1],"9":[1,4],"10":[2,2],"11":[1,1],"12":[1,4],"13":[2,1],"14":[1,2]},"_coverageSchema":"43e27e138ebf9cfc5966b082cf9a028302ed4184","hash":"a1967e2cc54cfde3ed8716653923e887513e7f71"}
}
