TN:
SF:/Users/dantyler/Makers/week_10/GildedRose-Refactoring-Kata/js-jest/src/gilded_rose.js
FN:3,(anonymous_0)
FN:11,(anonymous_1)
FN:15,(anonymous_2)
FN:38,(anonymous_3)
FN:42,(anonymous_4)
FN:52,(anonymous_5)
FN:59,(anonymous_6)
FN:74,(anonymous_7)
FN:85,(anonymous_8)
FN:89,(anonymous_9)
FNF:10
FNH:10
FNDA:14,(anonymous_0)
FNDA:14,(anonymous_1)
FNDA:14,(anonymous_2)
FNDA:13,(anonymous_3)
FNDA:3,(anonymous_4)
FNDA:2,(anonymous_5)
FNDA:5,(anonymous_6)
FNDA:3,(anonymous_7)
FNDA:5,(anonymous_8)
FNDA:5,(anonymous_9)
DA:4,14
DA:5,14
DA:6,14
DA:12,14
DA:16,14
DA:18,14
DA:20,13
DA:23,14
DA:24,2
DA:25,12
DA:26,5
DA:27,7
DA:28,6
DA:29,3
DA:31,3
DA:35,14
DA:39,13
DA:43,3
DA:44,2
DA:45,1
DA:47,1
DA:49,3
DA:53,2
DA:55,1
DA:60,5
DA:61,1
DA:62,4
DA:63,2
DA:64,2
DA:65,1
DA:67,1
DA:69,5
DA:70,1
DA:75,3
DA:76,2
DA:78,1
DA:80,3
DA:81,1
DA:86,5
DA:90,5
DA:95,1
LF:41
LH:41
BRDA:11,0,0,0
BRDA:18,1,0,1
BRDA:18,1,1,13
BRDA:23,2,0,2
BRDA:23,2,1,12
BRDA:25,3,0,5
BRDA:25,3,1,7
BRDA:27,4,0,1
BRDA:27,4,1,6
BRDA:28,5,0,3
BRDA:28,5,1,3
BRDA:43,6,0,1
BRDA:43,6,1,2
BRDA:44,7,0,1
BRDA:44,7,1,1
BRDA:53,8,0,1
BRDA:53,8,1,1
BRDA:60,9,0,1
BRDA:60,9,1,4
BRDA:62,10,0,2
BRDA:62,10,1,2
BRDA:64,11,0,1
BRDA:64,11,1,1
BRDA:69,12,0,1
BRDA:69,12,1,4
BRDA:75,13,0,2
BRDA:75,13,1,1
BRDA:80,14,0,1
BRDA:80,14,1,2
BRF:29
BRH:28
end_of_record
