TN:
SF:/Users/dantyler/Makers/week_10/GildedRose-Refactoring-Kata/js-jest/src/backstage.js
FN:2,(anonymous_0)
FN:6,(anonymous_1)
FN:19,(anonymous_2)
FN:23,(anonymous_3)
FNF:4
FNH:4
FNDA:5,(anonymous_0)
FNDA:5,(anonymous_1)
FNDA:5,(anonymous_2)
FNDA:4,(anonymous_3)
DA:3,5
DA:7,5
DA:8,1
DA:9,4
DA:10,2
DA:11,2
DA:12,1
DA:14,1
DA:16,5
DA:20,5
DA:24,4
DA:29,1
LF:12
LH:12
BRDA:7,0,0,1
BRDA:7,0,1,4
BRDA:9,1,0,2
BRDA:9,1,1,2
BRDA:11,2,0,1
BRDA:11,2,1,1
BRDA:20,3,0,1
BRDA:20,3,1,4
BRF:8
BRH:8
end_of_record
TN:
SF:/Users/dantyler/Makers/week_10/GildedRose-Refactoring-Kata/js-jest/src/brie.js
FN:2,(anonymous_0)
FN:6,(anonymous_1)
FN:13,(anonymous_2)
FNF:3
FNH:3
FNDA:2,(anonymous_0)
FNDA:2,(anonymous_1)
FNDA:1,(anonymous_2)
DA:3,2
DA:7,2
DA:9,1
DA:14,1
DA:18,1
LF:5
LH:5
BRDA:7,0,0,1
BRDA:7,0,1,1
BRF:2
BRH:2
end_of_record
TN:
SF:/Users/dantyler/Makers/week_10/GildedRose-Refactoring-Kata/js-jest/src/conjured.js
FN:2,(anonymous_0)
FN:6,(anonymous_1)
FN:17,(anonymous_2)
FNF:3
FNH:3
FNDA:3,(anonymous_0)
FNDA:3,(anonymous_1)
FNDA:3,(anonymous_2)
DA:3,3
DA:7,3
DA:8,2
DA:10,1
DA:12,3
DA:13,1
DA:18,3
DA:22,1
LF:8
LH:8
BRDA:7,0,0,2
BRDA:7,0,1,1
BRDA:12,1,0,1
BRDA:12,1,1,2
BRF:4
BRH:4
end_of_record
TN:
SF:/Users/dantyler/Makers/week_10/GildedRose-Refactoring-Kata/js-jest/src/gilded_rose.js
FN:7,(anonymous_0)
FN:15,(anonymous_1)
FN:19,(anonymous_2)
FN:25,(anonymous_3)
FN:34,(anonymous_4)
FNF:5
FNH:5
FNDA:14,(anonymous_0)
FNDA:14,(anonymous_1)
FNDA:14,(anonymous_2)
FNDA:14,(anonymous_3)
FNDA:14,(anonymous_4)
DA:1,1
DA:2,1
DA:3,1
DA:4,1
DA:8,14
DA:9,14
DA:10,14
DA:16,14
DA:20,14
DA:21,14
DA:22,14
DA:26,14
DA:27,14
DA:29,13
DA:35,14
DA:36,14
DA:37,5
DA:38,9
DA:39,2
DA:40,7
DA:41,3
DA:42,4
DA:44,3
DA:50,1
LF:24
LH:24
BRDA:15,0,0,0
BRDA:27,1,0,1
BRDA:27,1,1,13
BRDA:36,2,0,5
BRDA:36,2,1,9
BRDA:38,3,0,2
BRDA:38,3,1,7
BRDA:40,4,0,3
BRDA:40,4,1,4
BRDA:42,5,0,1
BRDA:42,5,1,3
BRF:11
BRH:10
end_of_record
TN:
SF:/Users/dantyler/Makers/week_10/GildedRose-Refactoring-Kata/js-jest/src/other.js
FN:2,(anonymous_0)
FN:6,(anonymous_1)
FN:16,(anonymous_2)
FNF:3
FNH:3
FNDA:3,(anonymous_0)
FNDA:3,(anonymous_1)
FNDA:2,(anonymous_2)
DA:3,3
DA:7,3
DA:8,2
DA:9,1
DA:11,1
DA:13,3
DA:17,2
DA:21,1
LF:8
LH:8
BRDA:7,0,0,1
BRDA:7,0,1,2
BRDA:8,1,0,1
BRDA:8,1,1,1
BRF:4
BRH:4
end_of_record
